Using pre-set license
Built from '2021.1/staging' branch; Version is '2021.1.19f1 (5f5eb8bbdc25) revision 6250168'; Using compiler version '192528614'; Build Type 'Release'
OS: 'Windows 10 Pro; OS build 19043.1237; Version 2009; 64bit' Language: 'en' Physical Memory: 16326 MB
BatchMode: 1, IsHumanControllingUs: 0, StartBugReporterOnCrash: 0, Is64bit: 1, IsPro: 0

COMMAND LINE ARGUMENTS:
C:\Program Files\Unity\Hub\Editor\2021.1.19f1\Editor\Unity.exe
-adb2
-batchMode
-noUpm
-name
AssetImportWorker0
-projectPath
G:/Unity/Capstone Puzzle
-logFile
Logs/AssetImportWorker0.log
-srvPort
52269
Successfully changed project path to: G:/Unity/Capstone Puzzle
G:/Unity/Capstone Puzzle
Using Asset Import Pipeline V2.
Refreshing native plugins compatible for Editor in 62.19 ms, found 3 plugins.
Preloading 0 native plugins for Editor in 0.00 ms.
Initialize engine version: 2021.1.19f1 (5f5eb8bbdc25)
[Subsystems] Discovering subsystems at path C:/Program Files/Unity/Hub/Editor/2021.1.19f1/Editor/Data/Resources/UnitySubsystems
[Subsystems] Discovering subsystems at path G:/Unity/Capstone Puzzle/Assets
GfxDevice: creating device client; threaded=0; jobified=0
Direct3D:
    Version:  Direct3D 11.0 [level 11.1]
    Renderer: NVIDIA GeForce RTX 2070 SUPER (ID=0x1e84)
    Vendor:   NVIDIA
    VRAM:     8011 MB
    Driver:   30.0.14.7212
Initialize mono
Mono path[0] = 'C:/Program Files/Unity/Hub/Editor/2021.1.19f1/Editor/Data/Managed'
Mono path[1] = 'C:/Program Files/Unity/Hub/Editor/2021.1.19f1/Editor/Data/MonoBleedingEdge/lib/mono/unityjit'
Mono config path = 'C:/Program Files/Unity/Hub/Editor/2021.1.19f1/Editor/Data/MonoBleedingEdge/etc'
Using monoOptions --debugger-agent=transport=dt_socket,embedding=1,server=y,suspend=n,address=127.0.0.1:56632
Begin MonoManager ReloadAssembly
Registering precompiled unity dll's ...
Register platform support module: C:/Program Files/Unity/Hub/Editor/2021.1.19f1/Editor/Data/PlaybackEngines/WindowsStandaloneSupport/UnityEditor.WindowsStandalone.Extensions.dll
Registered in 0.001265 seconds.
Native extension for WindowsStandalone target not found
Refreshing native plugins compatible for Editor in 62.99 ms, found 3 plugins.
Preloading 0 native plugins for Editor in 0.00 ms.
Mono: successfully reloaded assembly
- Completed reload, in  0.886 seconds
Domain Reload Profiling:
	ReloadAssembly (886ms)
		BeginReloadAssembly (42ms)
			ExecutionOrderSort (0ms)
			DisableScriptedObjects (0ms)
			BackupInstance (0ms)
			ReleaseScriptingObjects (0ms)
			CreateAndSetChildDomain (1ms)
		EndReloadAssembly (293ms)
			LoadAssemblies (41ms)
			RebuildTransferFunctionScriptingTraits (0ms)
			SetupTypeCache (93ms)
			ReleaseScriptCaches (0ms)
			RebuildScriptCaches (18ms)
			SetupLoadedEditorAssemblies (152ms)
				LogAssemblyErrors (0ms)
				InitializePlatformSupportModulesInManaged (4ms)
				SetLoadedEditorAssemblies (0ms)
				RefreshPlugins (63ms)
				BeforeProcessingInitializeOnLoad (1ms)
				ProcessInitializeOnLoadAttributes (65ms)
				ProcessInitializeOnLoadMethodAttributes (19ms)
				AfterProcessingInitializeOnLoad (0ms)
				EditorAssembliesLoaded (0ms)
			ExecutionOrderSort2 (0ms)
			AwakeInstancesAfterBackupRestoration (0ms)
Platform modules already initialized, skipping
Registering precompiled user dll's ...
Registered in 0.003052 seconds.
Begin MonoManager ReloadAssembly
Symbol file LoadedFromMemory doesn't match image G:\Unity\Capstone Puzzle\Library\PackageCache\com.unity.visualscripting@1.6.1\Editor\VisualScripting.Core\Dependencies\YamlDotNet\Unity.VisualScripting.YamlDotNet.dll
Symbol file LoadedFromMemory doesn't match image G:\Unity\Capstone Puzzle\Library\PackageCache\com.unity.visualscripting@1.6.1\Editor\VisualScripting.Core\Dependencies\DotNetZip\Unity.VisualScripting.IonicZip.dll
Native extension for WindowsStandalone target not found
Refreshing native plugins compatible for Editor in 0.62 ms, found 3 plugins.
Preloading 0 native plugins for Editor in 0.00 ms.
Mono: successfully reloaded assembly
- Completed reload, in  0.793 seconds
Domain Reload Profiling:
	ReloadAssembly (794ms)
		BeginReloadAssembly (98ms)
			ExecutionOrderSort (0ms)
			DisableScriptedObjects (3ms)
			BackupInstance (0ms)
			ReleaseScriptingObjects (0ms)
			CreateAndSetChildDomain (14ms)
		EndReloadAssembly (658ms)
			LoadAssemblies (66ms)
			RebuildTransferFunctionScriptingTraits (0ms)
			SetupTypeCache (203ms)
			ReleaseScriptCaches (0ms)
			RebuildScriptCaches (33ms)
			SetupLoadedEditorAssemblies (307ms)
				LogAssemblyErrors (0ms)
				InitializePlatformSupportModulesInManaged (3ms)
				SetLoadedEditorAssemblies (0ms)
				RefreshPlugins (1ms)
				BeforeProcessingInitializeOnLoad (52ms)
				ProcessInitializeOnLoadAttributes (243ms)
				ProcessInitializeOnLoadMethodAttributes (3ms)
				AfterProcessingInitializeOnLoad (5ms)
				EditorAssembliesLoaded (0ms)
			ExecutionOrderSort2 (0ms)
			AwakeInstancesAfterBackupRestoration (4ms)
Platform modules already initialized, skipping
========================================================================
Worker process is ready to serve import requests
Launched and connected shader compiler UnityShaderCompiler.exe after 0.03 seconds
Refreshing native plugins compatible for Editor in 0.62 ms, found 3 plugins.
Preloading 0 native plugins for Editor in 0.00 ms.
Unloading 3565 Unused Serialized files (Serialized files now loaded: 0)
System memory in use before: 134.8 MB.
System memory in use after: 134.9 MB.

Unloading 130 unused Assets to reduce memory usage. Loaded Objects now: 3999.
Total: 2.704500 ms (FindLiveObjects: 0.219500 ms CreateObjectMapping: 0.072900 ms MarkObjects: 2.231500 ms  DeleteObjects: 0.180000 ms)

AssetImportParameters requested are different than current active one (requested -> active):
  custom:framework-win-MediaFoundation: 216162199b28c13a410421893ffa2e32 -> 
  custom:video-decoder-ogg-theora: a1e56fd34408186e4bbccfd4996cb3dc -> 
  custom:container-muxer-webm: aa71ff27fc2769a1b78a27578f13a17b -> 
  custom:container-demuxer-webm: 4f35f7cbe854078d1ac9338744f61a02 -> 
  custom:container-demuxer-ogg: 62fdf1f143b41e24485cea50d1cbac27 -> 
  custom:video-encoder-webm-vp8: eb34c28f22e8b96e1ab97ce403110664 -> 
  custom:video-decoder-webm-vp8: 9c59270c3fd7afecdb556c50c9e8de78 -> 
  custom:audio-decoder-ogg-vorbis: bf7c407c2cedff20999df2af8eb42d56 -> 
  custom:audio-encoder-webm-vorbis: bf7c407c2cedff20999df2af8eb42d56 -> 
========================================================================
Received Import Request.
  path: Assets/Scenes/SampleScene.unity
  artifactKey: Guid(9fc0d4010bbf28b4594072e72b8655ab) Importer(815301076,1909f56bfc062723c751e8b465ee728b)
Start importing Assets/Scenes/SampleScene.unity using Guid(9fc0d4010bbf28b4594072e72b8655ab) Importer(815301076,1909f56bfc062723c751e8b465ee728b)  -> (artifact id: '6a4f9cfd6f126a63ebde8ddbdbf9b9a9') in 0.011413 seconds 
========================================================================
Received Prepare
Registering precompiled user dll's ...
Registered in 0.003241 seconds.
Begin MonoManager ReloadAssembly
Symbol file LoadedFromMemory doesn't match image G:\Unity\Capstone Puzzle\Library\PackageCache\com.unity.visualscripting@1.6.1\Editor\VisualScripting.Core\Dependencies\YamlDotNet\Unity.VisualScripting.YamlDotNet.dll
Symbol file LoadedFromMemory doesn't match image G:\Unity\Capstone Puzzle\Library\PackageCache\com.unity.visualscripting@1.6.1\Editor\VisualScripting.Core\Dependencies\DotNetZip\Unity.VisualScripting.IonicZip.dll
Native extension for WindowsStandalone target not found
Refreshing native plugins compatible for Editor in 0.76 ms, found 3 plugins.
Preloading 0 native plugins for Editor in 0.00 ms.
Warning: Annotation not found!
UnityEngine.StackTraceUtility:ExtractStackTrace ()
UnityEditor.ProBuilder.EditorUtility:SetGizmoIconEnabled (System.Type,bool) (at Library/PackageCache/com.unity.probuilder@5.0.3/Editor/EditorCore/EditorUtility.cs:575)
UnityEditor.ProBuilder.HierarchyListener:.cctor () (at Library/PackageCache/com.unity.probuilder@5.0.3/Editor/EditorCore/HierarchyListener.cs:21)
System.Runtime.CompilerServices.RuntimeHelpers:RunClassConstructor (System.RuntimeTypeHandle)
UnityEditor.EditorAssemblies:ProcessInitializeOnLoadAttributes (System.Type[])

[Library/PackageCache/com.unity.probuilder@5.0.3/Editor/EditorCore/EditorUtility.cs line 575]

Mono: successfully reloaded assembly
- Completed reload, in  0.740 seconds
Domain Reload Profiling:
	ReloadAssembly (740ms)
		BeginReloadAssembly (105ms)
			ExecutionOrderSort (0ms)
			DisableScriptedObjects (3ms)
			BackupInstance (0ms)
			ReleaseScriptingObjects (0ms)
			CreateAndSetChildDomain (29ms)
		EndReloadAssembly (594ms)
			LoadAssemblies (69ms)
			RebuildTransferFunctionScriptingTraits (0ms)
			SetupTypeCache (217ms)
			ReleaseScriptCaches (1ms)
			RebuildScriptCaches (29ms)
			SetupLoadedEditorAssemblies (227ms)
				LogAssemblyErrors (0ms)
				InitializePlatformSupportModulesInManaged (3ms)
				SetLoadedEditorAssemblies (0ms)
				RefreshPlugins (1ms)
				BeforeProcessingInitializeOnLoad (39ms)
				ProcessInitializeOnLoadAttributes (175ms)
				ProcessInitializeOnLoadMethodAttributes (3ms)
				AfterProcessingInitializeOnLoad (5ms)
				EditorAssembliesLoaded (0ms)
			ExecutionOrderSort2 (0ms)
			AwakeInstancesAfterBackupRestoration (4ms)
Platform modules already initialized, skipping
Refreshing native plugins compatible for Editor in 0.69 ms, found 3 plugins.
Preloading 0 native plugins for Editor in 0.00 ms.
Unloading 3508 Unused Serialized files (Serialized files now loaded: 0)
System memory in use before: 130.3 MB.
System memory in use after: 130.5 MB.

Unloading 17 unused Assets to reduce memory usage. Loaded Objects now: 4002.
Total: 3.101700 ms (FindLiveObjects: 0.309100 ms CreateObjectMapping: 0.105600 ms MarkObjects: 2.609600 ms  DeleteObjects: 0.076500 ms)

AssetImportParameters requested are different than current active one (requested -> active):
  custom:framework-win-MediaFoundation: 216162199b28c13a410421893ffa2e32 -> 
  custom:video-decoder-ogg-theora: a1e56fd34408186e4bbccfd4996cb3dc -> 
  custom:container-muxer-webm: aa71ff27fc2769a1b78a27578f13a17b -> 
  custom:container-demuxer-webm: 4f35f7cbe854078d1ac9338744f61a02 -> 
  custom:container-demuxer-ogg: 62fdf1f143b41e24485cea50d1cbac27 -> 
  custom:video-encoder-webm-vp8: eb34c28f22e8b96e1ab97ce403110664 -> 
  custom:video-decoder-webm-vp8: 9c59270c3fd7afecdb556c50c9e8de78 -> 
  custom:audio-decoder-ogg-vorbis: bf7c407c2cedff20999df2af8eb42d56 -> 
  custom:audio-encoder-webm-vorbis: bf7c407c2cedff20999df2af8eb42d56 -> 
========================================================================
Received Import Request.
  Time since last request: 943.384565 seconds.
  path: Assets/DigitalKonstrukt
  artifactKey: Guid(15ccbc6c1b1fdd246a09a86ffb5f0548) Importer(815301076,1909f56bfc062723c751e8b465ee728b)
Start importing Assets/DigitalKonstrukt using Guid(15ccbc6c1b1fdd246a09a86ffb5f0548) Importer(815301076,1909f56bfc062723c751e8b465ee728b)  -> (artifact id: '79862873c3b45b9055854f41756babcb') in 0.030570 seconds 
========================================================================
Received Import Request.
  Time since last request: 0.899370 seconds.
  path: Assets/DigitalKonstrukt/Prototyping_Pack_Free
  artifactKey: Guid(d06e99ee6492ec5489e3c62e6d4dc524) Importer(815301076,1909f56bfc062723c751e8b465ee728b)
Start importing Assets/DigitalKonstrukt/Prototyping_Pack_Free using Guid(d06e99ee6492ec5489e3c62e6d4dc524) Importer(815301076,1909f56bfc062723c751e8b465ee728b)  -> (artifact id: '731d0d9b4d8d55ed8476f9f9e3d960fb') in 0.004010 seconds 
========================================================================
Received Import Request.
  Time since last request: 1.171466 seconds.
  path: Assets/DigitalKonstrukt/Prototyping_Pack_Free/Resources
  artifactKey: Guid(dc4bb0fafa82d884481178ef46e29fdd) Importer(815301076,1909f56bfc062723c751e8b465ee728b)
Start importing Assets/DigitalKonstrukt/Prototyping_Pack_Free/Resources using Guid(dc4bb0fafa82d884481178ef46e29fdd) Importer(815301076,1909f56bfc062723c751e8b465ee728b)  -> (artifact id: '169cc17b16b7e3a8d645c8c1e9f0fbdd') in 0.004410 seconds 
========================================================================
Received Import Request.
  Time since last request: 3.025600 seconds.
  path: Assets/DigitalKonstrukt/Prototyping_Pack_Free/Resources/Materials
  artifactKey: Guid(5dd0ab171fa873f49af4e44f65d97d8d) Importer(815301076,1909f56bfc062723c751e8b465ee728b)
Start importing Assets/DigitalKonstrukt/Prototyping_Pack_Free/Resources/Materials using Guid(5dd0ab171fa873f49af4e44f65d97d8d) Importer(815301076,1909f56bfc062723c751e8b465ee728b)  -> (artifact id: 'ad86b1a4836c337d48e9902c20e63712') in 0.004515 seconds 
========================================================================
Received Import Request.
  Time since last request: 0.041807 seconds.
  path: Assets/DigitalKonstrukt/Prototyping_Pack_Free/Resources/Materials/Prototyp_Material_1.mat
  artifactKey: Guid(774fb2efcf5a06e4ebb09ced855a11c1) Importer(815301076,1909f56bfc062723c751e8b465ee728b)
Start importing Assets/DigitalKonstrukt/Prototyping_Pack_Free/Resources/Materials/Prototyp_Material_1.mat using Guid(774fb2efcf5a06e4ebb09ced855a11c1) Importer(815301076,1909f56bfc062723c751e8b465ee728b)  -> (artifact id: 'c15c7f9b5805f8d0444f3f3efc7e7de6') in 0.071030 seconds 
========================================================================
Received Import Request.
  Time since last request: 0.000114 seconds.
  path: Assets/DigitalKonstrukt/Prototyping_Pack_Free/Resources/Materials/Prototyp_Material_10.mat
  artifactKey: Guid(1b9854cb4546be94796b7c0e97c44249) Importer(815301076,1909f56bfc062723c751e8b465ee728b)
Start importing Assets/DigitalKonstrukt/Prototyping_Pack_Free/Resources/Materials/Prototyp_Material_10.mat using Guid(1b9854cb4546be94796b7c0e97c44249) Importer(815301076,1909f56bfc062723c751e8b465ee728b)  -> (artifact id: 'e42cc559dd97822fa3ce41a1fa9d5995') in 0.075324 seconds 
========================================================================
Received Import Request.
  Time since last request: 0.000109 seconds.
  path: Assets/DigitalKonstrukt/Prototyping_Pack_Free/Resources/Materials/Prototyp_Material_4.mat
  artifactKey: Guid(3e9b40bb243ad504dbf2adbd0918b9f5) Importer(815301076,1909f56bfc062723c751e8b465ee728b)
Start importing Assets/DigitalKonstrukt/Prototyping_Pack_Free/Resources/Materials/Prototyp_Material_4.mat using Guid(3e9b40bb243ad504dbf2adbd0918b9f5) Importer(815301076,1909f56bfc062723c751e8b465ee728b)  -> (artifact id: '5c40ed31b3608f0adfae8aaefdb225aa') in 0.007445 seconds 
========================================================================
Received Import Request.
  Time since last request: 0.000101 seconds.
  path: Assets/DigitalKonstrukt/Prototyping_Pack_Free/Resources/Materials/Prototyp_Material_7.mat
  artifactKey: Guid(1d995df76d244df4eafb5a026363c584) Importer(815301076,1909f56bfc062723c751e8b465ee728b)
Start importing Assets/DigitalKonstrukt/Prototyping_Pack_Free/Resources/Materials/Prototyp_Material_7.mat using Guid(1d995df76d244df4eafb5a026363c584) Importer(815301076,1909f56bfc062723c751e8b465ee728b)  -> (artifact id: 'e50c40f050cb50b7a4713d6d8b99dff7') in 0.007451 seconds 
========================================================================
Received Import Request.
  Time since last request: 0.000098 seconds.
  path: Assets/DigitalKonstrukt/Prototyping_Pack_Free/Resources/Materials/Prototyp_Material_12.mat
  artifactKey: Guid(f8cb53fbbb5462f4c90c7685910028f1) Importer(815301076,1909f56bfc062723c751e8b465ee728b)
Start importing Assets/DigitalKonstrukt/Prototyping_Pack_Free/Resources/Materials/Prototyp_Material_12.mat using Guid(f8cb53fbbb5462f4c90c7685910028f1) Importer(815301076,1909f56bfc062723c751e8b465ee728b)  -> (artifact id: '9593ce5c1d3c8c41c9a4cddd092e6b03') in 0.007046 seconds 
========================================================================
Received Import Request.
  Time since last request: 0.000098 seconds.
  path: Assets/DigitalKonstrukt/Prototyping_Pack_Free/Resources/Materials/Prototyp_Material_3.mat
  artifactKey: Guid(420df58d3076a034094d7f2662b5b1de) Importer(815301076,1909f56bfc062723c751e8b465ee728b)
Start importing Assets/DigitalKonstrukt/Prototyping_Pack_Free/Resources/Materials/Prototyp_Material_3.mat using Guid(420df58d3076a034094d7f2662b5b1de) Importer(815301076,1909f56bfc062723c751e8b465ee728b)  -> (artifact id: '6af982aaab0bddfaf287b5e58252960e') in 0.007601 seconds 
========================================================================
Received Import Request.
  Time since last request: 0.000092 seconds.
  path: Assets/DigitalKonstrukt/Prototyping_Pack_Free/Resources/Materials/Prototyp_Material_15.mat
  artifactKey: Guid(dd594aa7b65105b4f830bddd556f66fa) Importer(815301076,1909f56bfc062723c751e8b465ee728b)
Start importing Assets/DigitalKonstrukt/Prototyping_Pack_Free/Resources/Materials/Prototyp_Material_15.mat using Guid(dd594aa7b65105b4f830bddd556f66fa) Importer(815301076,1909f56bfc062723c751e8b465ee728b)  -> (artifact id: '78a62c88cce5ed7ce17ff8753da7c7e2') in 0.007023 seconds 
========================================================================
Received Import Request.
  Time since last request: 0.000083 seconds.
  path: Assets/DigitalKonstrukt/Prototyping_Pack_Free/Resources/Materials/Prototyp_Material_6.mat
  artifactKey: Guid(c56b206169d606441bc20e1a416560ce) Importer(815301076,1909f56bfc062723c751e8b465ee728b)
Start importing Assets/DigitalKonstrukt/Prototyping_Pack_Free/Resources/Materials/Prototyp_Material_6.mat using Guid(c56b206169d606441bc20e1a416560ce) Importer(815301076,1909f56bfc062723c751e8b465ee728b)  -> (artifact id: 'fc155dd03458cc653dcba759e6657db2') in 0.007657 seconds 
========================================================================
Received Import Request.
  Time since last request: 0.000094 seconds.
  path: Assets/DigitalKonstrukt/Prototyping_Pack_Free/Resources/Materials/Prototyp_Material_8.mat
  artifactKey: Guid(639bdae38663ce249835e384c15d06d3) Importer(815301076,1909f56bfc062723c751e8b465ee728b)
Start importing Assets/DigitalKonstrukt/Prototyping_Pack_Free/Resources/Materials/Prototyp_Material_8.mat using Guid(639bdae38663ce249835e384c15d06d3) Importer(815301076,1909f56bfc062723c751e8b465ee728b)  -> (artifact id: 'e0a70da8f7dce8f8d0a82e36adf07978') in 0.007597 seconds 
========================================================================
Received Import Request.
  Time since last request: 0.000076 seconds.
  path: Assets/DigitalKonstrukt/Prototyping_Pack_Free/Resources/Materials/Prototyp_Material_13.mat
  artifactKey: Guid(797bf488c630d4c4da4076a24ec6a432) Importer(815301076,1909f56bfc062723c751e8b465ee728b)
Start importing Assets/DigitalKonstrukt/Prototyping_Pack_Free/Resources/Materials/Prototyp_Material_13.mat using Guid(797bf488c630d4c4da4076a24ec6a432) Importer(815301076,1909f56bfc062723c751e8b465ee728b)  -> (artifact id: '0fac37dd138a645ec8c066564380d544') in 0.006323 seconds 
========================================================================
Received Import Request.
  Time since last request: 0.000084 seconds.
  path: Assets/DigitalKonstrukt/Prototyping_Pack_Free/Resources/Materials/Prototyp_Material_9.mat
  artifactKey: Guid(698621012f4317746bf1b79896b709b6) Importer(815301076,1909f56bfc062723c751e8b465ee728b)
Start importing Assets/DigitalKonstrukt/Prototyping_Pack_Free/Resources/Materials/Prototyp_Material_9.mat using Guid(698621012f4317746bf1b79896b709b6) Importer(815301076,1909f56bfc062723c751e8b465ee728b)  -> (artifact id: 'c61b28460a18e4601270dd9a4bc3130e') in 0.007362 seconds 
========================================================================
Received Import Request.
  Time since last request: 0.000089 seconds.
  path: Assets/DigitalKonstrukt/Prototyping_Pack_Free/Resources/Materials/Prototyp_Material_5.mat
  artifactKey: Guid(08ae2008da04f244694203a3d1bc1c69) Importer(815301076,1909f56bfc062723c751e8b465ee728b)
Start importing Assets/DigitalKonstrukt/Prototyping_Pack_Free/Resources/Materials/Prototyp_Material_5.mat using Guid(08ae2008da04f244694203a3d1bc1c69) Importer(815301076,1909f56bfc062723c751e8b465ee728b)  -> (artifact id: 'd2e9897b15d7111ed5680085fced9de9') in 0.007156 seconds 
========================================================================
Received Import Request.
  Time since last request: 0.000091 seconds.
  path: Assets/DigitalKonstrukt/Prototyping_Pack_Free/Resources/Materials/Prototyp_Material_2.mat
  artifactKey: Guid(f36bc83af7f442f4bb065c8dff3dda31) Importer(815301076,1909f56bfc062723c751e8b465ee728b)
Start importing Assets/DigitalKonstrukt/Prototyping_Pack_Free/Resources/Materials/Prototyp_Material_2.mat using Guid(f36bc83af7f442f4bb065c8dff3dda31) Importer(815301076,1909f56bfc062723c751e8b465ee728b)  -> (artifact id: '50b33d3a56d29e3acaa084b97db72036') in 0.007553 seconds 
========================================================================
Received Import Request.
  Time since last request: 0.000097 seconds.
  path: Assets/DigitalKonstrukt/Prototyping_Pack_Free/Resources/Materials/Prototyp_Material_14.mat
  artifactKey: Guid(4f47b69c96e3e06438c10c907f7d4f98) Importer(815301076,1909f56bfc062723c751e8b465ee728b)
Start importing Assets/DigitalKonstrukt/Prototyping_Pack_Free/Resources/Materials/Prototyp_Material_14.mat using Guid(4f47b69c96e3e06438c10c907f7d4f98) Importer(815301076,1909f56bfc062723c751e8b465ee728b)  -> (artifact id: 'dea932bda6e38275f0385c77c5bb5072') in 0.006659 seconds 
========================================================================
Received Import Request.
  Time since last request: 0.000100 seconds.
  path: Assets/DigitalKonstrukt/Prototyping_Pack_Free/Resources/Materials/Prototyp_Material_11.mat
  artifactKey: Guid(fe6847d63339b354f864815a92aca487) Importer(815301076,1909f56bfc062723c751e8b465ee728b)
Start importing Assets/DigitalKonstrukt/Prototyping_Pack_Free/Resources/Materials/Prototyp_Material_11.mat using Guid(fe6847d63339b354f864815a92aca487) Importer(815301076,1909f56bfc062723c751e8b465ee728b)  -> (artifact id: '6504759a9ee0f24549b458bc901408aa') in 0.006647 seconds 
========================================================================
Received Import Request.
  Time since last request: 3.260201 seconds.
  path: Assets/DigitalKonstrukt/Prototyping_Pack_Free/Resources/Meshes
  artifactKey: Guid(db1e30aa142cdcd43bba7bf2a94e9639) Importer(815301076,1909f56bfc062723c751e8b465ee728b)
Start importing Assets/DigitalKonstrukt/Prototyping_Pack_Free/Resources/Meshes using Guid(db1e30aa142cdcd43bba7bf2a94e9639) Importer(815301076,1909f56bfc062723c751e8b465ee728b)  -> (artifact id: 'ab4418c9c0475df2a51fc48075ab1773') in 0.004090 seconds 
========================================================================
Received Import Request.
  Time since last request: 2.727459 seconds.
  path: Assets/DigitalKonstrukt/Prototyping_Pack_Free/Resources/Meshes/Ladders
  artifactKey: Guid(d2026222bc91ee34cab3ca31bbf2067a) Importer(815301076,1909f56bfc062723c751e8b465ee728b)
Start importing Assets/DigitalKonstrukt/Prototyping_Pack_Free/Resources/Meshes/Ladders using Guid(d2026222bc91ee34cab3ca31bbf2067a) Importer(815301076,1909f56bfc062723c751e8b465ee728b)  -> (artifact id: 'a867c1092c8a5c193c462407574be238') in 0.004124 seconds 
========================================================================
Received Import Request.
  Time since last request: 0.032557 seconds.
  path: Assets/DigitalKonstrukt/Prototyping_Pack_Free/Resources/Meshes/Ladders/PTK_Ladder_Large.fbx
  artifactKey: Guid(3ba09df563495414ca3fcf8ea9989169) Importer(815301076,1909f56bfc062723c751e8b465ee728b)
Start importing Assets/DigitalKonstrukt/Prototyping_Pack_Free/Resources/Meshes/Ladders/PTK_Ladder_Large.fbx using Guid(3ba09df563495414ca3fcf8ea9989169) Importer(815301076,1909f56bfc062723c751e8b465ee728b)  -> (artifact id: '6b0777fdf71d5f48e138c412fa3aa85f') in 0.048318 seconds 
========================================================================
Received Import Request.
  Time since last request: 0.000103 seconds.
  path: Assets/DigitalKonstrukt/Prototyping_Pack_Free/Resources/Meshes/Ladders/PTK_Ladder_Medium.fbx
  artifactKey: Guid(b21f7b4e34ed8d148851d291c8ed4662) Importer(815301076,1909f56bfc062723c751e8b465ee728b)
Start importing Assets/DigitalKonstrukt/Prototyping_Pack_Free/Resources/Meshes/Ladders/PTK_Ladder_Medium.fbx using Guid(b21f7b4e34ed8d148851d291c8ed4662) Importer(815301076,1909f56bfc062723c751e8b465ee728b)  -> (artifact id: '385577186c8a94e97295a62c5063f347') in 0.008505 seconds 
========================================================================
Received Import Request.
  Time since last request: 0.000112 seconds.
  path: Assets/DigitalKonstrukt/Prototyping_Pack_Free/Resources/Meshes/Ladders/PTK_Ladder_Small.fbx
  artifactKey: Guid(19d9b631e86ab20469c0a25c9706e0bb) Importer(815301076,1909f56bfc062723c751e8b465ee728b)
Start importing Assets/DigitalKonstrukt/Prototyping_Pack_Free/Resources/Meshes/Ladders/PTK_Ladder_Small.fbx using Guid(19d9b631e86ab20469c0a25c9706e0bb) Importer(815301076,1909f56bfc062723c751e8b465ee728b)  -> (artifact id: 'c2f007a1035bfda7bc2675dbe431ac7a') in 0.008430 seconds 
========================================================================
Received Import Request.
  Time since last request: 7.915193 seconds.
  path: Assets/_TerrainAutoUpgrade
  artifactKey: Guid(6093a8781d056584f8ba9c0233ed1284) Importer(815301076,1909f56bfc062723c751e8b465ee728b)
Start importing Assets/_TerrainAutoUpgrade using Guid(6093a8781d056584f8ba9c0233ed1284) Importer(815301076,1909f56bfc062723c751e8b465ee728b)  -> (artifact id: '9af32c298d3d8da64da3d19d90f3109e') in 0.004193 seconds 
========================================================================
Received Import Request.
  Time since last request: 0.038140 seconds.
  path: Assets/_TerrainAutoUpgrade/layer_proto_35cf3da06f5211986.terrainlayer
  artifactKey: Guid(9e57dae3594fe064a9d2efbf43ad7eca) Importer(815301076,1909f56bfc062723c751e8b465ee728b)
Start importing Assets/_TerrainAutoUpgrade/layer_proto_35cf3da06f5211986.terrainlayer using Guid(9e57dae3594fe064a9d2efbf43ad7eca) Importer(815301076,1909f56bfc062723c751e8b465ee728b)  -> (artifact id: 'bb33d6e77997367444c6cee8423f7553') in 0.011891 seconds 
========================================================================
Received Prepare
Registering precompiled user dll's ...
Registered in 0.002970 seconds.
Begin MonoManager ReloadAssembly
Symbol file LoadedFromMemory doesn't match image G:\Unity\Capstone Puzzle\Library\PackageCache\com.unity.visualscripting@1.6.1\Editor\VisualScripting.Core\Dependencies\YamlDotNet\Unity.VisualScripting.YamlDotNet.dll
Symbol file LoadedFromMemory doesn't match image G:\Unity\Capstone Puzzle\Library\PackageCache\com.unity.visualscripting@1.6.1\Editor\VisualScripting.Core\Dependencies\DotNetZip\Unity.VisualScripting.IonicZip.dll
Native extension for WindowsStandalone target not found
Refreshing native plugins compatible for Editor in 0.67 ms, found 3 plugins.
Preloading 0 native plugins for Editor in 0.00 ms.
Warning: Annotation not found!
UnityEngine.StackTraceUtility:ExtractStackTrace ()
UnityEditor.ProBuilder.EditorUtility:SetGizmoIconEnabled (System.Type,bool) (at Library/PackageCache/com.unity.probuilder@5.0.3/Editor/EditorCore/EditorUtility.cs:575)
UnityEditor.ProBuilder.HierarchyListener:.cctor () (at Library/PackageCache/com.unity.probuilder@5.0.3/Editor/EditorCore/HierarchyListener.cs:21)
System.Runtime.CompilerServices.RuntimeHelpers:RunClassConstructor (System.RuntimeTypeHandle)
UnityEditor.EditorAssemblies:ProcessInitializeOnLoadAttributes (System.Type[])

[Library/PackageCache/com.unity.probuilder@5.0.3/Editor/EditorCore/EditorUtility.cs line 575]

Mono: successfully reloaded assembly
- Completed reload, in  0.676 seconds
Domain Reload Profiling:
	ReloadAssembly (676ms)
		BeginReloadAssembly (93ms)
			ExecutionOrderSort (0ms)
			DisableScriptedObjects (3ms)
			BackupInstance (0ms)
			ReleaseScriptingObjects (0ms)
			CreateAndSetChildDomain (27ms)
		EndReloadAssembly (546ms)
			LoadAssemblies (63ms)
			RebuildTransferFunctionScriptingTraits (0ms)
			SetupTypeCache (195ms)
			ReleaseScriptCaches (1ms)
			RebuildScriptCaches (25ms)
			SetupLoadedEditorAssemblies (211ms)
				LogAssemblyErrors (0ms)
				InitializePlatformSupportModulesInManaged (3ms)
				SetLoadedEditorAssemblies (0ms)
				RefreshPlugins (1ms)
				BeforeProcessingInitializeOnLoad (39ms)
				ProcessInitializeOnLoadAttributes (161ms)
				ProcessInitializeOnLoadMethodAttributes (3ms)
				AfterProcessingInitializeOnLoad (4ms)
				EditorAssembliesLoaded (0ms)
			ExecutionOrderSort2 (0ms)
			AwakeInstancesAfterBackupRestoration (4ms)
Platform modules already initialized, skipping
Refreshing native plugins compatible for Editor in 0.64 ms, found 3 plugins.
Preloading 0 native plugins for Editor in 0.00 ms.
Unloading 3507 Unused Serialized files (Serialized files now loaded: 0)
System memory in use before: 134.8 MB.
System memory in use after: 135.0 MB.

Unloading 18 unused Assets to reduce memory usage. Loaded Objects now: 4050.
Total: 2.715900 ms (FindLiveObjects: 0.187100 ms CreateObjectMapping: 0.084700 ms MarkObjects: 2.370900 ms  DeleteObjects: 0.072600 ms)

AssetImportParameters requested are different than current active one (requested -> active):
  custom:framework-win-MediaFoundation: 216162199b28c13a410421893ffa2e32 -> 
  custom:video-decoder-ogg-theora: a1e56fd34408186e4bbccfd4996cb3dc -> 
  custom:container-muxer-webm: aa71ff27fc2769a1b78a27578f13a17b -> 
  custom:container-demuxer-webm: 4f35f7cbe854078d1ac9338744f61a02 -> 
  custom:container-demuxer-ogg: 62fdf1f143b41e24485cea50d1cbac27 -> 
  custom:video-encoder-webm-vp8: eb34c28f22e8b96e1ab97ce403110664 -> 
  custom:video-decoder-webm-vp8: 9c59270c3fd7afecdb556c50c9e8de78 -> 
  custom:audio-decoder-ogg-vorbis: bf7c407c2cedff20999df2af8eb42d56 -> 
  custom:audio-encoder-webm-vorbis: bf7c407c2cedff20999df2af8eb42d56 -> 
========================================================================
Received Import Request.
  Time since last request: 311.261964 seconds.
  path: Assets/Scripts/Interactable.cs
  artifactKey: Guid(d6d6ee8c3ad473d4ba94f26b696a465d) Importer(815301076,1909f56bfc062723c751e8b465ee728b)
Start importing Assets/Scripts/Interactable.cs using Guid(d6d6ee8c3ad473d4ba94f26b696a465d) Importer(815301076,1909f56bfc062723c751e8b465ee728b)  -> (artifact id: '4b036f57dc413d8bc4706b1b4a7febd7') in 0.011355 seconds 
========================================================================
Received Prepare
Registering precompiled user dll's ...
Registered in 0.003110 seconds.
Begin MonoManager ReloadAssembly
Symbol file LoadedFromMemory doesn't match image G:\Unity\Capstone Puzzle\Library\PackageCache\com.unity.visualscripting@1.6.1\Editor\VisualScripting.Core\Dependencies\YamlDotNet\Unity.VisualScripting.YamlDotNet.dll
Symbol file LoadedFromMemory doesn't match image G:\Unity\Capstone Puzzle\Library\PackageCache\com.unity.visualscripting@1.6.1\Editor\VisualScripting.Core\Dependencies\DotNetZip\Unity.VisualScripting.IonicZip.dll
Native extension for WindowsStandalone target not found
Refreshing native plugins compatible for Editor in 0.63 ms, found 3 plugins.
Preloading 0 native plugins for Editor in 0.00 ms.
Warning: Annotation not found!
UnityEngine.StackTraceUtility:ExtractStackTrace ()
UnityEditor.ProBuilder.EditorUtility:SetGizmoIconEnabled (System.Type,bool) (at Library/PackageCache/com.unity.probuilder@5.0.3/Editor/EditorCore/EditorUtility.cs:575)
UnityEditor.ProBuilder.HierarchyListener:.cctor () (at Library/PackageCache/com.unity.probuilder@5.0.3/Editor/EditorCore/HierarchyListener.cs:21)
System.Runtime.CompilerServices.RuntimeHelpers:RunClassConstructor (System.RuntimeTypeHandle)
UnityEditor.EditorAssemblies:ProcessInitializeOnLoadAttributes (System.Type[])

[Library/PackageCache/com.unity.probuilder@5.0.3/Editor/EditorCore/EditorUtility.cs line 575]

Mono: successfully reloaded assembly
- Completed reload, in  0.688 seconds
Domain Reload Profiling:
	ReloadAssembly (688ms)
		BeginReloadAssembly (95ms)
			ExecutionOrderSort (0ms)
			DisableScriptedObjects (3ms)
			BackupInstance (0ms)
			ReleaseScriptingObjects (0ms)
			CreateAndSetChildDomain (27ms)
		EndReloadAssembly (553ms)
			LoadAssemblies (69ms)
			RebuildTransferFunctionScriptingTraits (0ms)
			SetupTypeCache (207ms)
			ReleaseScriptCaches (1ms)
			RebuildScriptCaches (28ms)
			SetupLoadedEditorAssemblies (202ms)
				LogAssemblyErrors (0ms)
				InitializePlatformSupportModulesInManaged (3ms)
				SetLoadedEditorAssemblies (0ms)
				RefreshPlugins (1ms)
				BeforeProcessingInitializeOnLoad (37ms)
				ProcessInitializeOnLoadAttributes (153ms)
				ProcessInitializeOnLoadMethodAttributes (3ms)
				AfterProcessingInitializeOnLoad (4ms)
				EditorAssembliesLoaded (0ms)
			ExecutionOrderSort2 (0ms)
			AwakeInstancesAfterBackupRestoration (4ms)
Platform modules already initialized, skipping
Refreshing native plugins compatible for Editor in 0.65 ms, found 3 plugins.
Preloading 0 native plugins for Editor in 0.00 ms.
Unloading 3507 Unused Serialized files (Serialized files now loaded: 0)
System memory in use before: 134.9 MB.
System memory in use after: 135.1 MB.

Unloading 17 unused Assets to reduce memory usage. Loaded Objects now: 4052.
Total: 2.649900 ms (FindLiveObjects: 0.195300 ms CreateObjectMapping: 0.081300 ms MarkObjects: 2.303200 ms  DeleteObjects: 0.069300 ms)

AssetImportParameters requested are different than current active one (requested -> active):
  custom:framework-win-MediaFoundation: 216162199b28c13a410421893ffa2e32 -> 
  custom:video-decoder-ogg-theora: a1e56fd34408186e4bbccfd4996cb3dc -> 
  custom:container-muxer-webm: aa71ff27fc2769a1b78a27578f13a17b -> 
  custom:container-demuxer-webm: 4f35f7cbe854078d1ac9338744f61a02 -> 
  custom:container-demuxer-ogg: 62fdf1f143b41e24485cea50d1cbac27 -> 
  custom:video-encoder-webm-vp8: eb34c28f22e8b96e1ab97ce403110664 -> 
  custom:video-decoder-webm-vp8: 9c59270c3fd7afecdb556c50c9e8de78 -> 
  custom:audio-decoder-ogg-vorbis: bf7c407c2cedff20999df2af8eb42d56 -> 
  custom:audio-encoder-webm-vorbis: bf7c407c2cedff20999df2af8eb42d56 -> 
========================================================================
Received Prepare
Registering precompiled user dll's ...
Registered in 0.003020 seconds.
Begin MonoManager ReloadAssembly
Symbol file LoadedFromMemory doesn't match image G:\Unity\Capstone Puzzle\Library\PackageCache\com.unity.visualscripting@1.6.1\Editor\VisualScripting.Core\Dependencies\YamlDotNet\Unity.VisualScripting.YamlDotNet.dll
Symbol file LoadedFromMemory doesn't match image G:\Unity\Capstone Puzzle\Library\PackageCache\com.unity.visualscripting@1.6.1\Editor\VisualScripting.Core\Dependencies\DotNetZip\Unity.VisualScripting.IonicZip.dll
Native extension for WindowsStandalone target not found
Refreshing native plugins compatible for Editor in 0.63 ms, found 3 plugins.
Preloading 0 native plugins for Editor in 0.00 ms.
Warning: Annotation not found!
UnityEngine.StackTraceUtility:ExtractStackTrace ()
UnityEditor.ProBuilder.EditorUtility:SetGizmoIconEnabled (System.Type,bool) (at Library/PackageCache/com.unity.probuilder@5.0.3/Editor/EditorCore/EditorUtility.cs:575)
UnityEditor.ProBuilder.HierarchyListener:.cctor () (at Library/PackageCache/com.unity.probuilder@5.0.3/Editor/EditorCore/HierarchyListener.cs:21)
System.Runtime.CompilerServices.RuntimeHelpers:RunClassConstructor (System.RuntimeTypeHandle)
UnityEditor.EditorAssemblies:ProcessInitializeOnLoadAttributes (System.Type[])

[Library/PackageCache/com.unity.probuilder@5.0.3/Editor/EditorCore/EditorUtility.cs line 575]

Mono: successfully reloaded assembly
- Completed reload, in  0.665 seconds
Domain Reload Profiling:
	ReloadAssembly (666ms)
		BeginReloadAssembly (88ms)
			ExecutionOrderSort (0ms)
			DisableScriptedObjects (3ms)
			BackupInstance (0ms)
			ReleaseScriptingObjects (0ms)
			CreateAndSetChildDomain (27ms)
		EndReloadAssembly (536ms)
			LoadAssemblies (63ms)
			RebuildTransferFunctionScriptingTraits (0ms)
			SetupTypeCache (197ms)
			ReleaseScriptCaches (1ms)
			RebuildScriptCaches (25ms)
			SetupLoadedEditorAssemblies (201ms)
				LogAssemblyErrors (0ms)
				InitializePlatformSupportModulesInManaged (3ms)
				SetLoadedEditorAssemblies (0ms)
				RefreshPlugins (1ms)
				BeforeProcessingInitializeOnLoad (37ms)
				ProcessInitializeOnLoadAttributes (153ms)
				ProcessInitializeOnLoadMethodAttributes (3ms)
				AfterProcessingInitializeOnLoad (4ms)
				EditorAssembliesLoaded (0ms)
			ExecutionOrderSort2 (0ms)
			AwakeInstancesAfterBackupRestoration (4ms)
Platform modules already initialized, skipping
Refreshing native plugins compatible for Editor in 0.71 ms, found 3 plugins.
Preloading 0 native plugins for Editor in 0.00 ms.
Unloading 3507 Unused Serialized files (Serialized files now loaded: 0)
System memory in use before: 134.9 MB.
System memory in use after: 135.1 MB.

Unloading 17 unused Assets to reduce memory usage. Loaded Objects now: 4054.
Total: 2.760800 ms (FindLiveObjects: 0.215800 ms CreateObjectMapping: 0.082600 ms MarkObjects: 2.396500 ms  DeleteObjects: 0.065100 ms)

AssetImportParameters requested are different than current active one (requested -> active):
  custom:framework-win-MediaFoundation: 216162199b28c13a410421893ffa2e32 -> 
  custom:video-decoder-ogg-theora: a1e56fd34408186e4bbccfd4996cb3dc -> 
  custom:container-muxer-webm: aa71ff27fc2769a1b78a27578f13a17b -> 
  custom:container-demuxer-webm: 4f35f7cbe854078d1ac9338744f61a02 -> 
  custom:container-demuxer-ogg: 62fdf1f143b41e24485cea50d1cbac27 -> 
  custom:video-encoder-webm-vp8: eb34c28f22e8b96e1ab97ce403110664 -> 
  custom:video-decoder-webm-vp8: 9c59270c3fd7afecdb556c50c9e8de78 -> 
  custom:audio-decoder-ogg-vorbis: bf7c407c2cedff20999df2af8eb42d56 -> 
  custom:audio-encoder-webm-vorbis: bf7c407c2cedff20999df2af8eb42d56 -> 
========================================================================
Received Prepare
Registering precompiled user dll's ...
Registered in 0.003030 seconds.
Begin MonoManager ReloadAssembly
Symbol file LoadedFromMemory doesn't match image G:\Unity\Capstone Puzzle\Library\PackageCache\com.unity.visualscripting@1.6.1\Editor\VisualScripting.Core\Dependencies\YamlDotNet\Unity.VisualScripting.YamlDotNet.dll
Symbol file LoadedFromMemory doesn't match image G:\Unity\Capstone Puzzle\Library\PackageCache\com.unity.visualscripting@1.6.1\Editor\VisualScripting.Core\Dependencies\DotNetZip\Unity.VisualScripting.IonicZip.dll
Native extension for WindowsStandalone target not found
Refreshing native plugins compatible for Editor in 0.65 ms, found 3 plugins.
Preloading 0 native plugins for Editor in 0.00 ms.
Warning: Annotation not found!
UnityEngine.StackTraceUtility:ExtractStackTrace ()
UnityEditor.ProBuilder.EditorUtility:SetGizmoIconEnabled (System.Type,bool) (at Library/PackageCache/com.unity.probuilder@5.0.3/Editor/EditorCore/EditorUtility.cs:575)
UnityEditor.ProBuilder.HierarchyListener:.cctor () (at Library/PackageCache/com.unity.probuilder@5.0.3/Editor/EditorCore/HierarchyListener.cs:21)
System.Runtime.CompilerServices.RuntimeHelpers:RunClassConstructor (System.RuntimeTypeHandle)
UnityEditor.EditorAssemblies:ProcessInitializeOnLoadAttributes (System.Type[])

[Library/PackageCache/com.unity.probuilder@5.0.3/Editor/EditorCore/EditorUtility.cs line 575]

Mono: successfully reloaded assembly
- Completed reload, in  0.678 seconds
Domain Reload Profiling:
	ReloadAssembly (678ms)
		BeginReloadAssembly (100ms)
			ExecutionOrderSort (0ms)
			DisableScriptedObjects (3ms)
			BackupInstance (0ms)
			ReleaseScriptingObjects (0ms)
			CreateAndSetChildDomain (26ms)
		EndReloadAssembly (540ms)
			LoadAssemblies (63ms)
			RebuildTransferFunctionScriptingTraits (0ms)
			SetupTypeCache (191ms)
			ReleaseScriptCaches (1ms)
			RebuildScriptCaches (25ms)
			SetupLoadedEditorAssemblies (209ms)
				LogAssemblyErrors (0ms)
				InitializePlatformSupportModulesInManaged (3ms)
				SetLoadedEditorAssemblies (0ms)
				RefreshPlugins (1ms)
				BeforeProcessingInitializeOnLoad (37ms)
				ProcessInitializeOnLoadAttributes (160ms)
				ProcessInitializeOnLoadMethodAttributes (3ms)
				AfterProcessingInitializeOnLoad (5ms)
				EditorAssembliesLoaded (0ms)
			ExecutionOrderSort2 (0ms)
			AwakeInstancesAfterBackupRestoration (4ms)
Platform modules already initialized, skipping
Refreshing native plugins compatible for Editor in 0.65 ms, found 3 plugins.
Preloading 0 native plugins for Editor in 0.00 ms.
Unloading 3507 Unused Serialized files (Serialized files now loaded: 0)
System memory in use before: 134.9 MB.
System memory in use after: 135.1 MB.

Unloading 17 unused Assets to reduce memory usage. Loaded Objects now: 4056.
Total: 2.630700 ms (FindLiveObjects: 0.193400 ms CreateObjectMapping: 0.081400 ms MarkObjects: 2.281200 ms  DeleteObjects: 0.073900 ms)

AssetImportParameters requested are different than current active one (requested -> active):
  custom:framework-win-MediaFoundation: 216162199b28c13a410421893ffa2e32 -> 
  custom:video-decoder-ogg-theora: a1e56fd34408186e4bbccfd4996cb3dc -> 
  custom:container-muxer-webm: aa71ff27fc2769a1b78a27578f13a17b -> 
  custom:container-demuxer-webm: 4f35f7cbe854078d1ac9338744f61a02 -> 
  custom:container-demuxer-ogg: 62fdf1f143b41e24485cea50d1cbac27 -> 
  custom:video-encoder-webm-vp8: eb34c28f22e8b96e1ab97ce403110664 -> 
  custom:video-decoder-webm-vp8: 9c59270c3fd7afecdb556c50c9e8de78 -> 
  custom:audio-decoder-ogg-vorbis: bf7c407c2cedff20999df2af8eb42d56 -> 
  custom:audio-encoder-webm-vorbis: bf7c407c2cedff20999df2af8eb42d56 -> 
AssetImportWorkerClient::OnTransportError - code=2 error=End of file
